<?xml version="1.0" encoding="utf-8"?><testsuites><testsuite name="pytest" errors="0" failures="0" skipped="0" tests="1" time="16.250" timestamp="2025-10-20T16:28:42.690645+00:00" hostname="runnervmzdgdc"><testcase classname="tests.test_medvi_app" name="test_medvi_application_flow" time="16.215" /></testsuite></testsuites>