<?xml version="1.0" encoding="utf-8"?><testsuites><testsuite name="pytest" errors="0" failures="0" skipped="0" tests="1" time="17.474" timestamp="2025-10-20T19:17:38.682035+00:00" hostname="runnervmzdgdc"><testcase classname="tests.test_medvi_app" name="test_medvi_application_flow" time="17.438" /></testsuite></testsuites>