<?xml version="1.0" encoding="utf-8"?><testsuites><testsuite name="pytest" errors="0" failures="0" skipped="0" tests="1" time="39.098" timestamp="2025-10-23T15:22:20.978487+00:00" hostname="runnervmwhb2z"><testcase classname="tests.test_medvi_app" name="test_medvi_application_flow" time="39.062" /></testsuite></testsuites>