<?xml version="1.0" encoding="utf-8"?><testsuites><testsuite name="pytest" errors="0" failures="0" skipped="0" tests="1" time="17.441" timestamp="2025-10-20T22:19:12.975411+00:00" hostname="runnervmwhb2z"><testcase classname="tests.test_medvi_app" name="test_medvi_application_flow" time="17.403" /></testsuite></testsuites>