<?xml version="1.0" encoding="utf-8"?><testsuites><testsuite name="pytest" errors="0" failures="0" skipped="0" tests="1" time="16.887" timestamp="2025-10-23T17:20:32.098270+00:00" hostname="runnervmwhb2z"><testcase classname="tests.test_medvi_app" name="test_medvi_application_flow" time="16.849" /></testsuite></testsuites>