<?xml version="1.0" encoding="utf-8"?><testsuites><testsuite name="pytest" errors="0" failures="0" skipped="0" tests="1" time="19.080" timestamp="2025-10-20T17:20:21.791254+00:00" hostname="runnervmzdgdc"><testcase classname="tests.test_medvi_app" name="test_medvi_application_flow" time="19.044" /></testsuite></testsuites>